<?xml version="1.0" encoding="UTF-8"?>
<!-- Generated by org.testng.reporters.JUnitReportReporter -->
<testsuite hostname="Meet_Pandya" failures="0" tests="4" name="amazonsignup.Testn_Signup" time="11.064" errors="0" timestamp="2023-10-19T11:50:46 EDT" skipped="0">
  <testcase classname="amazonsignup.Testn_Signup" name="validname" time="2.444"/>
  <testcase classname="amazonsignup.Testn_Signup" name="validemail" time="2.550"/>
  <testcase classname="amazonsignup.Testn_Signup" name="validpassword" time="2.460"/>
  <testcase classname="amazonsignup.Testn_Signup" name="checkpasswordagain" time="3.610"/>
</testsuite> <!-- amazonsignup.Testn_Signup -->
